# JRE version: Java(TM) SE Runtime Environment (17.0.12+8) (build 17.0.12+8-LTS-286)
# Java VM: Java HotSpot(TM) 64-Bit Server VM (17.0.12+8-LTS-286, mixed mode, sharing, tiered, compressed oops, compressed class ptrs, g1 gc, windows-amd64)
GC Precious Log:
 CPUs: 4 total, 4 available
 Memory: 8071M
 Large Page Support: Disabled
 NUMA Support: Disabled
 Compressed Oops: Enabled (Zero based)
 Heap Region Size: 4M
 Heap Min Capacity: 8M
 Heap Initial Capacity: 128M
 Heap Max Capacity: 8G
 Pre-touch: Disabled
 Parallel Workers: 4
 Concurrent Workers: 1
 Concurrent Refinement Workers: 4
 Periodic GC: Disabled
Heap:
 garbage-first heap   total 1548288K, used 307030K [0x0000000600000000, 0x0000000800000000)
  region size 4096K, 3 young (12288K), 3 survivors (12288K)
 Metaspace       used 261710K, committed 263680K, reserved 1310720K
  class space    used 32000K, committed 33024K, reserved 1048576K
GC Heap History (20 events):
Event: 6997.768 GC heap after
{Heap after GC invocations=182 (full 1):
 garbage-first heap   total 696320K, used 261338K [0x0000000600000000, 0x0000000800000000)
  region size 4096K, 3 young (12288K), 3 survivors (12288K)
 Metaspace       used 261699K, committed 263680K, reserved 1310720K
  class space    used 32000K, committed 33024K, reserved 1048576K
}
Event: 6998.636 GC heap before
{Heap before GC invocations=182 (full 1):
 garbage-first heap   total 696320K, used 433370K [0x0000000600000000, 0x0000000800000000)
  region size 4096K, 45 young (184320K), 3 survivors (12288K)
 Metaspace       used 261699K, committed 263680K, reserved 1310720K
  class space    used 32000K, committed 33024K, reserved 1048576K
}
Event: 6998.674 GC heap after
{Heap after GC invocations=183 (full 1):
 garbage-first heap   total 696320K, used 265941K [0x0000000600000000, 0x0000000800000000)
  region size 4096K, 4 young (16384K), 4 survivors (16384K)
 Metaspace       used 261699K, committed 263680K, reserved 1310720K
  class space    used 32000K, committed 33024K, reserved 1048576K
}
Event: 6999.493 GC heap before
{Heap before GC invocations=183 (full 1):
 garbage-first heap   total 774144K, used 454357K [0x0000000600000000, 0x0000000800000000)
  region size 4096K, 50 young (204800K), 4 survivors (16384K)
 Metaspace       used 261699K, committed 263680K, reserved 1310720K
  class space    used 32000K, committed 33024K, reserved 1048576K
}
Event: 6999.576 GC heap after
{Heap after GC invocations=184 (full 1):
 garbage-first heap   total 774144K, used 271737K [0x0000000600000000, 0x0000000800000000)
  region size 4096K, 5 young (20480K), 5 survivors (20480K)
 Metaspace       used 261699K, committed 263680K, reserved 1310720K
  class space    used 32000K, committed 33024K, reserved 1048576K
}
Event: 7001.835 GC heap before
{Heap before GC invocations=185 (full 1):
 garbage-first heap   total 774144K, used 443769K [0x0000000600000000, 0x0000000800000000)
  region size 4096K, 48 young (196608K), 5 survivors (20480K)
 Metaspace       used 261700K, committed 263680K, reserved 1310720K
  class space    used 32000K, committed 33024K, reserved 1048576K
}
Event: 7001.914 GC heap after
{Heap after GC invocations=186 (full 1):
 garbage-first heap   total 774144K, used 272277K [0x0000000600000000, 0x0000000800000000)
  region size 4096K, 3 young (12288K), 3 survivors (12288K)
 Metaspace       used 261700K, committed 263680K, reserved 1310720K
  class space    used 32000K, committed 33024K, reserved 1048576K
}
Event: 7004.324 GC heap before
{Heap before GC invocations=186 (full 1):
 garbage-first heap   total 774144K, used 563093K [0x0000000600000000, 0x0000000800000000)
  region size 4096K, 75 young (307200K), 3 survivors (12288K)
 Metaspace       used 261707K, committed 263680K, reserved 1310720K
  class space    used 32000K, committed 33024K, reserved 1048576K
}
Event: 7004.511 GC heap after
{Heap after GC invocations=187 (full 1):
 garbage-first heap   total 774144K, used 302528K [0x0000000600000000, 0x0000000800000000)
  region size 4096K, 10 young (40960K), 10 survivors (40960K)
 Metaspace       used 261707K, committed 263680K, reserved 1310720K
  class space    used 32000K, committed 33024K, reserved 1048576K
}
Event: 7004.909 GC heap before
{Heap before GC invocations=187 (full 1):
 garbage-first heap   total 774144K, used 384448K [0x0000000600000000, 0x0000000800000000)
  region size 4096K, 30 young (122880K), 10 survivors (40960K)
 Metaspace       used 261707K, committed 263680K, reserved 1310720K
  class space    used 32000K, committed 33024K, reserved 1048576K
}
Event: 7005.174 GC heap after
{Heap after GC invocations=188 (full 1):
 garbage-first heap   total 1548288K, used 305255K [0x0000000600000000, 0x0000000800000000)
  region size 4096K, 2 young (8192K), 2 survivors (8192K)
 Metaspace       used 261707K, committed 263680K, reserved 1310720K
  class space    used 32000K, committed 33024K, reserved 1048576K
}
Event: 7007.832 GC heap before
{Heap before GC invocations=188 (full 1):
 garbage-first heap   total 1548288K, used 575591K [0x0000000600000000, 0x0000000800000000)
  region size 4096K, 68 young (278528K), 2 survivors (8192K)
 Metaspace       used 261709K, committed 263680K, reserved 1310720K
  class space    used 32000K, committed 33024K, reserved 1048576K
}
Event: 7007.913 GC heap after
{Heap after GC invocations=189 (full 1):
 garbage-first heap   total 1548288K, used 306109K [0x0000000600000000, 0x0000000800000000)
  region size 4096K, 2 young (8192K), 2 survivors (8192K)
 Metaspace       used 261709K, committed 263680K, reserved 1310720K
  class space    used 32000K, committed 33024K, reserved 1048576K
}
Event: 7009.187 GC heap before
{Heap before GC invocations=189 (full 1):
 garbage-first heap   total 1548288K, used 560061K [0x0000000600000000, 0x0000000800000000)
  region size 4096K, 65 young (266240K), 2 survivors (8192K)
 Metaspace       used 261709K, committed 263680K, reserved 1310720K
  class space    used 32000K, committed 33024K, reserved 1048576K
}
Event: 7009.236 GC heap after
{Heap after GC invocations=190 (full 1):
 garbage-first heap   total 1548288K, used 307393K [0x0000000600000000, 0x0000000800000000)
  region size 4096K, 2 young (8192K), 2 survivors (8192K)
 Metaspace       used 261709K, committed 263680K, reserved 1310720K
  class space    used 32000K, committed 33024K, reserved 1048576K
}
Event: 7010.208 GC heap before
{Heap before GC invocations=190 (full 1):
 garbage-first heap   total 1548288K, used 696513K [0x0000000600000000, 0x0000000800000000)
  region size 4096K, 98 young (401408K), 2 survivors (8192K)
 Metaspace       used 261709K, committed 263680K, reserved 1310720K
  class space    used 32000K, committed 33024K, reserved 1048576K
}
Event: 7010.297 GC heap after
{Heap after GC invocations=191 (full 1):
 garbage-first heap   total 1548288K, used 310404K [0x0000000600000000, 0x0000000800000000)
  region size 4096K, 3 young (12288K), 3 survivors (12288K)
 Metaspace       used 261709K, committed 263680K, reserved 1310720K
  class space    used 32000K, committed 33024K, reserved 1048576K
}
Event: 7012.398 GC heap before
{Heap before GC invocations=192 (full 1):
 garbage-first heap   total 1548288K, used 724100K [0x0000000600000000, 0x0000000800000000)
  region size 4096K, 105 young (430080K), 3 survivors (12288K)
 Metaspace       used 261709K, committed 263680K, reserved 1310720K
  class space    used 32000K, committed 33024K, reserved 1048576K
}
Event: 7012.538 GC heap after
{Heap after GC invocations=193 (full 1):
 garbage-first heap   total 1548288K, used 305922K [0x0000000600000000, 0x0000000800000000)
  region size 4096K, 3 young (12288K), 3 survivors (12288K)
 Metaspace       used 261709K, committed 263680K, reserved 1310720K
  class space    used 32000K, committed 33024K, reserved 1048576K
}
Event: 7013.898 GC heap before
{Heap before GC invocations=193 (full 1):
 garbage-first heap   total 1548288K, used 559874K [0x0000000600000000, 0x0000000800000000)
  region size 4096K, 65 young (266240K), 3 survivors (12288K)
 Metaspace       used 261710K, committed 263680K, reserved 1310720K
  class space    used 32000K, committed 33024K, reserved 1048576K
}

