# JRE version: Java(TM) SE Runtime Environment (17.0.12+8) (build 17.0.12+8-LTS-286)
# Java VM: Java HotSpot(TM) 64-Bit Server VM (17.0.12+8-LTS-286, mixed mode, sharing, tiered, compressed oops, compressed class ptrs, g1 gc, windows-amd64)
GC Precious Log:
 CPUs: 4 total, 4 available
 Memory: 8071M
 Large Page Support: Disabled
 NUMA Support: Disabled
 Compressed Oops: Enabled (Zero based)
 Heap Region Size: 2M
 Heap Min Capacity: 8M
 Heap Initial Capacity: 128M
 Heap Max Capacity: 4G
 Pre-touch: Disabled
 Parallel Workers: 4
 Concurrent Workers: 1
 Concurrent Refinement Workers: 4
 Periodic GC: Disabled
Heap:
 garbage-first heap   total 204800K, used 123742K [0x0000000700000000, 0x0000000800000000)
  region size 2048K, 3 young (6144K), 3 survivors (6144K)
 Metaspace       used 93214K, committed 94016K, reserved 983040K
  class space    used 13237K, committed 13632K, reserved 851968K
GC Heap History (20 events):
Event: 26.365 GC heap after
{Heap after GC invocations=34 (full 0):
 garbage-first heap   total 200704K, used 70955K [0x0000000700000000, 0x0000000800000000)
  region size 2048K, 2 young (4096K), 2 survivors (4096K)
 Metaspace       used 67305K, committed 67968K, reserved 917504K
  class space    used 9654K, committed 9984K, reserved 851968K
}
Event: 27.462 GC heap before
{Heap before GC invocations=35 (full 0):
 garbage-first heap   total 200704K, used 152875K [0x0000000700000000, 0x0000000800000000)
  region size 2048K, 43 young (88064K), 2 survivors (4096K)
 Metaspace       used 67382K, committed 68096K, reserved 917504K
  class space    used 9655K, committed 9984K, reserved 851968K
}
Event: 27.471 GC heap after
{Heap after GC invocations=36 (full 0):
 garbage-first heap   total 200704K, used 74539K [0x0000000700000000, 0x0000000800000000)
  region size 2048K, 4 young (8192K), 4 survivors (8192K)
 Metaspace       used 67382K, committed 68096K, reserved 917504K
  class space    used 9655K, committed 9984K, reserved 851968K
}
Event: 30.154 GC heap before
{Heap before GC invocations=36 (full 0):
 garbage-first heap   total 200704K, used 156459K [0x0000000700000000, 0x0000000800000000)
  region size 2048K, 44 young (90112K), 4 survivors (8192K)
 Metaspace       used 74118K, committed 74816K, reserved 917504K
  class space    used 10999K, committed 11328K, reserved 851968K
}
Event: 30.169 GC heap after
{Heap after GC invocations=37 (full 0):
 garbage-first heap   total 200704K, used 88389K [0x0000000700000000, 0x0000000800000000)
  region size 2048K, 6 young (12288K), 6 survivors (12288K)
 Metaspace       used 74118K, committed 74816K, reserved 917504K
  class space    used 10999K, committed 11328K, reserved 851968K
}
Event: 145.073 GC heap before
{Heap before GC invocations=37 (full 0):
 garbage-first heap   total 200704K, used 153925K [0x0000000700000000, 0x0000000800000000)
  region size 2048K, 38 young (77824K), 6 survivors (12288K)
 Metaspace       used 74951K, committed 75712K, reserved 917504K
  class space    used 11047K, committed 11392K, reserved 851968K
}
Event: 145.090 GC heap after
{Heap after GC invocations=38 (full 0):
 garbage-first heap   total 200704K, used 96176K [0x0000000700000000, 0x0000000800000000)
  region size 2048K, 4 young (8192K), 4 survivors (8192K)
 Metaspace       used 74951K, committed 75712K, reserved 917504K
  class space    used 11047K, committed 11392K, reserved 851968K
}
Event: 145.701 GC heap before
{Heap before GC invocations=38 (full 0):
 garbage-first heap   total 200704K, used 147376K [0x0000000700000000, 0x0000000800000000)
  region size 2048K, 30 young (61440K), 4 survivors (8192K)
 Metaspace       used 75212K, committed 75968K, reserved 917504K
  class space    used 11079K, committed 11456K, reserved 851968K
}
Event: 145.713 GC heap after
{Heap after GC invocations=39 (full 0):
 garbage-first heap   total 200704K, used 98673K [0x0000000700000000, 0x0000000800000000)
  region size 2048K, 2 young (4096K), 2 survivors (4096K)
 Metaspace       used 75212K, committed 75968K, reserved 917504K
  class space    used 11079K, committed 11456K, reserved 851968K
}
Event: 148.124 GC heap before
{Heap before GC invocations=40 (full 0):
 garbage-first heap   total 200704K, used 166257K [0x0000000700000000, 0x0000000800000000)
  region size 2048K, 32 young (65536K), 2 survivors (4096K)
 Metaspace       used 83066K, committed 83904K, reserved 983040K
  class space    used 12023K, committed 12480K, reserved 851968K
}
Event: 148.132 GC heap after
{Heap after GC invocations=41 (full 0):
 garbage-first heap   total 200704K, used 100417K [0x0000000700000000, 0x0000000800000000)
  region size 2048K, 3 young (6144K), 3 survivors (6144K)
 Metaspace       used 83066K, committed 83904K, reserved 983040K
  class space    used 12023K, committed 12480K, reserved 851968K
}
Event: 148.196 GC heap before
{Heap before GC invocations=41 (full 0):
 garbage-first heap   total 200704K, used 102465K [0x0000000700000000, 0x0000000800000000)
  region size 2048K, 4 young (8192K), 3 survivors (6144K)
 Metaspace       used 83365K, committed 84224K, reserved 983040K
  class space    used 12061K, committed 12480K, reserved 851968K
}
Event: 148.206 GC heap after
{Heap after GC invocations=42 (full 0):
 garbage-first heap   total 200704K, used 98021K [0x0000000700000000, 0x0000000800000000)
  region size 2048K, 1 young (2048K), 1 survivors (2048K)
 Metaspace       used 83365K, committed 84224K, reserved 983040K
  class space    used 12061K, committed 12480K, reserved 851968K
}
Event: 149.753 GC heap before
{Heap before GC invocations=42 (full 0):
 garbage-first heap   total 200704K, used 165605K [0x0000000700000000, 0x0000000800000000)
  region size 2048K, 32 young (65536K), 1 survivors (2048K)
 Metaspace       used 90098K, committed 91008K, reserved 983040K
  class space    used 12851K, committed 13312K, reserved 851968K
}
Event: 149.762 GC heap after
{Heap after GC invocations=43 (full 0):
 garbage-first heap   total 200704K, used 108902K [0x0000000700000000, 0x0000000800000000)
  region size 2048K, 3 young (6144K), 3 survivors (6144K)
 Metaspace       used 90098K, committed 91008K, reserved 983040K
  class space    used 12851K, committed 13312K, reserved 851968K
}
Event: 151.610 GC heap before
{Heap before GC invocations=44 (full 0):
 garbage-first heap   total 204800K, used 162150K [0x0000000700000000, 0x0000000800000000)
  region size 2048K, 30 young (61440K), 3 survivors (6144K)
 Metaspace       used 90232K, committed 91136K, reserved 983040K
  class space    used 12856K, committed 13312K, reserved 851968K
}
Event: 151.636 GC heap after
{Heap after GC invocations=45 (full 0):
 garbage-first heap   total 204800K, used 117628K [0x0000000700000000, 0x0000000800000000)
  region size 2048K, 4 young (8192K), 4 survivors (8192K)
 Metaspace       used 90232K, committed 91136K, reserved 983040K
  class space    used 12856K, committed 13312K, reserved 851968K
}
Event: 151.643 GC heap before
{Heap before GC invocations=45 (full 0):
 garbage-first heap   total 204800K, used 119676K [0x0000000700000000, 0x0000000800000000)
  region size 2048K, 5 young (10240K), 4 survivors (8192K)
 Metaspace       used 90232K, committed 91136K, reserved 983040K
  class space    used 12856K, committed 13312K, reserved 851968K
}
Event: 151.658 GC heap after
{Heap after GC invocations=46 (full 0):
 garbage-first heap   total 204800K, used 118088K [0x0000000700000000, 0x0000000800000000)
  region size 2048K, 1 young (2048K), 1 survivors (2048K)
 Metaspace       used 90232K, committed 91136K, reserved 983040K
  class space    used 12856K, committed 13312K, reserved 851968K
}
Event: 152.440 GC heap before
{Heap before GC invocations=46 (full 0):
 garbage-first heap   total 204800K, used 161096K [0x0000000700000000, 0x0000000800000000)
  region size 2048K, 22 young (45056K), 1 survivors (2048K)
 Metaspace       used 93214K, committed 94016K, reserved 983040K
  class space    used 13237K, committed 13632K, reserved 851968K
}

