# JRE version: Java(TM) SE Runtime Environment (17.0.12+8) (build 17.0.12+8-LTS-286)
# Java VM: Java HotSpot(TM) 64-Bit Server VM (17.0.12+8-LTS-286, mixed mode, sharing, tiered, compressed oops, compressed class ptrs, g1 gc, windows-amd64)
GC Precious Log:
 CPUs: 4 total, 4 available
 Memory: 8071M
 Large Page Support: Disabled
 NUMA Support: Disabled
 Compressed Oops: Enabled (32-bit)
 Heap Region Size: 1M
 Heap Min Capacity: 8M
 Heap Initial Capacity: 128M
 Heap Max Capacity: 1536M
 Pre-touch: Disabled
 Parallel Workers: 4
 Concurrent Workers: 1
 Concurrent Refinement Workers: 4
 Periodic GC: Disabled
Heap:
 garbage-first heap   total 350208K, used 289774K [0x00000000a0000000, 0x0000000100000000)
  region size 1024K, 90 young (92160K), 3 survivors (3072K)
 Metaspace       used 117541K, committed 118848K, reserved 557056K
  class space    used 16017K, committed 16640K, reserved 425984K
GC Heap History (20 events):
Event: 74.964 GC heap before
{Heap before GC invocations=53 (full 0):
 garbage-first heap   total 251904K, used 218153K [0x00000000a0000000, 0x0000000100000000)
  region size 1024K, 39 young (39936K), 4 survivors (4096K)
 Metaspace       used 106411K, committed 107584K, reserved 557056K
  class space    used 14655K, committed 15232K, reserved 425984K
}
Event: 74.979 GC heap after
{Heap after GC invocations=54 (full 0):
 garbage-first heap   total 251904K, used 186843K [0x00000000a0000000, 0x0000000100000000)
  region size 1024K, 5 young (5120K), 5 survivors (5120K)
 Metaspace       used 106411K, committed 107584K, reserved 557056K
  class space    used 14655K, committed 15232K, reserved 425984K
}
Event: 75.796 GC heap before
{Heap before GC invocations=54 (full 0):
 garbage-first heap   total 251904K, used 212443K [0x00000000a0000000, 0x0000000100000000)
  region size 1024K, 31 young (31744K), 5 survivors (5120K)
 Metaspace       used 106487K, committed 107648K, reserved 557056K
  class space    used 14660K, committed 15232K, reserved 425984K
}
Event: 75.811 GC heap after
{Heap after GC invocations=55 (full 0):
 garbage-first heap   total 251904K, used 189275K [0x00000000a0000000, 0x0000000100000000)
  region size 1024K, 3 young (3072K), 3 survivors (3072K)
 Metaspace       used 106487K, committed 107648K, reserved 557056K
  class space    used 14660K, committed 15232K, reserved 425984K
}
Event: 76.110 GC heap before
{Heap before GC invocations=55 (full 0):
 garbage-first heap   total 251904K, used 213851K [0x00000000a0000000, 0x0000000100000000)
  region size 1024K, 28 young (28672K), 3 survivors (3072K)
 Metaspace       used 106487K, committed 107648K, reserved 557056K
  class space    used 14660K, committed 15232K, reserved 425984K
}
Event: 76.119 GC heap after
{Heap after GC invocations=56 (full 0):
 garbage-first heap   total 251904K, used 190880K [0x00000000a0000000, 0x0000000100000000)
  region size 1024K, 3 young (3072K), 3 survivors (3072K)
 Metaspace       used 106487K, committed 107648K, reserved 557056K
  class space    used 14660K, committed 15232K, reserved 425984K
}
Event: 76.821 GC heap before
{Heap before GC invocations=56 (full 0):
 garbage-first heap   total 251904K, used 216480K [0x00000000a0000000, 0x0000000100000000)
  region size 1024K, 28 young (28672K), 3 survivors (3072K)
 Metaspace       used 106629K, committed 107840K, reserved 557056K
  class space    used 14677K, committed 15232K, reserved 425984K
}
Event: 76.831 GC heap after
{Heap after GC invocations=57 (full 0):
 garbage-first heap   total 251904K, used 193854K [0x00000000a0000000, 0x0000000100000000)
  region size 1024K, 4 young (4096K), 4 survivors (4096K)
 Metaspace       used 106629K, committed 107840K, reserved 557056K
  class space    used 14677K, committed 15232K, reserved 425984K
}
Event: 77.760 GC heap before
{Heap before GC invocations=57 (full 0):
 garbage-first heap   total 251904K, used 215358K [0x00000000a0000000, 0x0000000100000000)
  region size 1024K, 26 young (26624K), 4 survivors (4096K)
 Metaspace       used 107298K, committed 108544K, reserved 557056K
  class space    used 14759K, committed 15360K, reserved 425984K
}
Event: 77.776 GC heap after
{Heap after GC invocations=58 (full 0):
 garbage-first heap   total 251904K, used 196958K [0x00000000a0000000, 0x0000000100000000)
  region size 1024K, 4 young (4096K), 4 survivors (4096K)
 Metaspace       used 107298K, committed 108544K, reserved 557056K
  class space    used 14759K, committed 15360K, reserved 425984K
}
Event: 78.602 GC heap before
{Heap before GC invocations=58 (full 0):
 garbage-first heap   total 251904K, used 216414K [0x00000000a0000000, 0x0000000100000000)
  region size 1024K, 24 young (24576K), 4 survivors (4096K)
 Metaspace       used 108991K, committed 110208K, reserved 557056K
  class space    used 15027K, committed 15616K, reserved 425984K
}
Event: 78.617 GC heap after
{Heap after GC invocations=59 (full 0):
 garbage-first heap   total 251904K, used 197985K [0x00000000a0000000, 0x0000000100000000)
  region size 1024K, 2 young (2048K), 2 survivors (2048K)
 Metaspace       used 108991K, committed 110208K, reserved 557056K
  class space    used 15027K, committed 15616K, reserved 425984K
}
Event: 79.677 GC heap before
{Heap before GC invocations=59 (full 0):
 garbage-first heap   total 251904K, used 216417K [0x00000000a0000000, 0x0000000100000000)
  region size 1024K, 21 young (21504K), 2 survivors (2048K)
 Metaspace       used 111401K, committed 112576K, reserved 557056K
  class space    used 15332K, committed 15872K, reserved 425984K
}
Event: 79.682 GC heap after
{Heap after GC invocations=60 (full 0):
 garbage-first heap   total 251904K, used 198753K [0x00000000a0000000, 0x0000000100000000)
  region size 1024K, 2 young (2048K), 2 survivors (2048K)
 Metaspace       used 111401K, committed 112576K, reserved 557056K
  class space    used 15332K, committed 15872K, reserved 425984K
}
Event: 80.289 GC heap before
{Heap before GC invocations=60 (full 0):
 garbage-first heap   total 251904K, used 218209K [0x00000000a0000000, 0x0000000100000000)
  region size 1024K, 22 young (22528K), 2 survivors (2048K)
 Metaspace       used 112455K, committed 113600K, reserved 557056K
  class space    used 15453K, committed 16000K, reserved 425984K
}
Event: 80.308 GC heap after
{Heap after GC invocations=61 (full 0):
 garbage-first heap   total 251904K, used 200704K [0x00000000a0000000, 0x0000000100000000)
  region size 1024K, 3 young (3072K), 3 survivors (3072K)
 Metaspace       used 112455K, committed 113600K, reserved 557056K
  class space    used 15453K, committed 16000K, reserved 425984K
}
Event: 81.279 GC heap before
{Heap before GC invocations=62 (full 0):
 garbage-first heap   total 350208K, used 215040K [0x00000000a0000000, 0x0000000100000000)
  region size 1024K, 17 young (17408K), 3 survivors (3072K)
 Metaspace       used 113006K, committed 114240K, reserved 557056K
  class space    used 15548K, committed 16128K, reserved 425984K
}
Event: 81.296 GC heap after
{Heap after GC invocations=63 (full 0):
 garbage-first heap   total 350208K, used 201903K [0x00000000a0000000, 0x0000000100000000)
  region size 1024K, 2 young (2048K), 2 survivors (2048K)
 Metaspace       used 113006K, committed 114240K, reserved 557056K
  class space    used 15548K, committed 16128K, reserved 425984K
}
Event: 82.035 GC heap before
{Heap before GC invocations=63 (full 0):
 garbage-first heap   total 350208K, used 217263K [0x00000000a0000000, 0x0000000100000000)
  region size 1024K, 17 young (17408K), 2 survivors (2048K)
 Metaspace       used 113263K, committed 114432K, reserved 557056K
  class space    used 15590K, committed 16128K, reserved 425984K
}
Event: 82.055 GC heap after
{Heap after GC invocations=64 (full 0):
 garbage-first heap   total 350208K, used 197614K [0x00000000a0000000, 0x0000000100000000)
  region size 1024K, 3 young (3072K), 3 survivors (3072K)
 Metaspace       used 113263K, committed 114432K, reserved 557056K
  class space    used 15590K, committed 16128K, reserved 425984K
}

