# JRE version: Java(TM) SE Runtime Environment (17.0.12+8) (build 17.0.12+8-LTS-286)
# Java VM: Java HotSpot(TM) 64-Bit Server VM (17.0.12+8-LTS-286, mixed mode, sharing, tiered, compressed oops, compressed class ptrs, g1 gc, windows-amd64)
GC Precious Log:
 CPUs: 4 total, 4 available
 Memory: 8071M
 Large Page Support: Disabled
 NUMA Support: Disabled
 Compressed Oops: Enabled (32-bit)
 Heap Region Size: 1M
 Heap Min Capacity: 8M
 Heap Initial Capacity: 128M
 Heap Max Capacity: 1536M
 Pre-touch: Disabled
 Parallel Workers: 4
 Concurrent Workers: 1
 Concurrent Refinement Workers: 4
 Periodic GC: Disabled
Heap:
 garbage-first heap   total 404480K, used 216041K [0x00000000a0000000, 0x0000000100000000)
  region size 1024K, 21 young (21504K), 12 survivors (12288K)
 Metaspace       used 117460K, committed 118720K, reserved 557056K
  class space    used 16016K, committed 16640K, reserved 425984K
GC Heap History (20 events):
Event: 54.833 GC heap before
{Heap before GC invocations=46 (full 0):
 garbage-first heap   total 229376K, used 193651K [0x00000000a0000000, 0x0000000100000000)
  region size 1024K, 25 young (25600K), 4 survivors (4096K)
 Metaspace       used 106193K, committed 107328K, reserved 557056K
  class space    used 14627K, committed 15168K, reserved 425984K
}
Event: 54.845 GC heap after
{Heap after GC invocations=47 (full 0):
 garbage-first heap   total 229376K, used 174896K [0x00000000a0000000, 0x0000000100000000)
  region size 1024K, 3 young (3072K), 3 survivors (3072K)
 Metaspace       used 106193K, committed 107328K, reserved 557056K
  class space    used 14627K, committed 15168K, reserved 425984K
}
Event: 55.069 GC heap before
{Heap before GC invocations=47 (full 0):
 garbage-first heap   total 229376K, used 194352K [0x00000000a0000000, 0x0000000100000000)
  region size 1024K, 23 young (23552K), 3 survivors (3072K)
 Metaspace       used 106193K, committed 107328K, reserved 557056K
  class space    used 14627K, committed 15168K, reserved 425984K
}
Event: 55.077 GC heap after
{Heap after GC invocations=48 (full 0):
 garbage-first heap   total 275456K, used 175979K [0x00000000a0000000, 0x0000000100000000)
  region size 1024K, 3 young (3072K), 3 survivors (3072K)
 Metaspace       used 106193K, committed 107328K, reserved 557056K
  class space    used 14627K, committed 15168K, reserved 425984K
}
Event: 55.788 GC heap before
{Heap before GC invocations=48 (full 0):
 garbage-first heap   total 275456K, used 228203K [0x00000000a0000000, 0x0000000100000000)
  region size 1024K, 54 young (55296K), 3 survivors (3072K)
 Metaspace       used 106243K, committed 107328K, reserved 557056K
  class space    used 14629K, committed 15168K, reserved 425984K
}
Event: 55.800 GC heap after
{Heap after GC invocations=49 (full 0):
 garbage-first heap   total 275456K, used 178687K [0x00000000a0000000, 0x0000000100000000)
  region size 1024K, 5 young (5120K), 5 survivors (5120K)
 Metaspace       used 106243K, committed 107328K, reserved 557056K
  class space    used 14629K, committed 15168K, reserved 425984K
}
Event: 56.843 GC heap before
{Heap before GC invocations=49 (full 0):
 garbage-first heap   total 275456K, used 233983K [0x00000000a0000000, 0x0000000100000000)
  region size 1024K, 55 young (56320K), 5 survivors (5120K)
 Metaspace       used 106484K, committed 107648K, reserved 557056K
  class space    used 14660K, committed 15232K, reserved 425984K
}
Event: 56.863 GC heap after
{Heap after GC invocations=50 (full 0):
 garbage-first heap   total 275456K, used 188328K [0x00000000a0000000, 0x0000000100000000)
  region size 1024K, 7 young (7168K), 7 survivors (7168K)
 Metaspace       used 106484K, committed 107648K, reserved 557056K
  class space    used 14660K, committed 15232K, reserved 425984K
}
Event: 57.297 GC heap before
{Heap before GC invocations=50 (full 0):
 garbage-first heap   total 275456K, used 229288K [0x00000000a0000000, 0x0000000100000000)
  region size 1024K, 48 young (49152K), 7 survivors (7168K)
 Metaspace       used 106484K, committed 107648K, reserved 557056K
  class space    used 14660K, committed 15232K, reserved 425984K
}
Event: 57.310 GC heap after
{Heap after GC invocations=51 (full 0):
 garbage-first heap   total 275456K, used 190026K [0x00000000a0000000, 0x0000000100000000)
  region size 1024K, 4 young (4096K), 4 survivors (4096K)
 Metaspace       used 106484K, committed 107648K, reserved 557056K
  class space    used 14660K, committed 15232K, reserved 425984K
}
Event: 58.473 GC heap before
{Heap before GC invocations=51 (full 0):
 garbage-first heap   total 275456K, used 233034K [0x00000000a0000000, 0x0000000100000000)
  region size 1024K, 45 young (46080K), 4 survivors (4096K)
 Metaspace       used 107580K, committed 108736K, reserved 557056K
  class space    used 14805K, committed 15360K, reserved 425984K
}
Event: 58.490 GC heap after
{Heap after GC invocations=52 (full 0):
 garbage-first heap   total 275456K, used 195238K [0x00000000a0000000, 0x0000000100000000)
  region size 1024K, 6 young (6144K), 6 survivors (6144K)
 Metaspace       used 107580K, committed 108736K, reserved 557056K
  class space    used 14805K, committed 15360K, reserved 425984K
}
Event: 59.250 GC heap before
{Heap before GC invocations=52 (full 0):
 garbage-first heap   total 275456K, used 217766K [0x00000000a0000000, 0x0000000100000000)
  region size 1024K, 30 young (30720K), 6 survivors (6144K)
 Metaspace       used 109613K, committed 110720K, reserved 557056K
  class space    used 15139K, committed 15680K, reserved 425984K
}
Event: 59.272 GC heap after
{Heap after GC invocations=53 (full 0):
 garbage-first heap   total 275456K, used 196581K [0x00000000a0000000, 0x0000000100000000)
  region size 1024K, 2 young (2048K), 2 survivors (2048K)
 Metaspace       used 109613K, committed 110720K, reserved 557056K
  class space    used 15139K, committed 15680K, reserved 425984K
}
Event: 60.499 GC heap before
{Heap before GC invocations=54 (full 0):
 garbage-first heap   total 355328K, used 228325K [0x00000000a0000000, 0x0000000100000000)
  region size 1024K, 33 young (33792K), 2 survivors (2048K)
 Metaspace       used 112051K, committed 113216K, reserved 557056K
  class space    used 15464K, committed 16000K, reserved 425984K
}
Event: 60.521 GC heap after
{Heap after GC invocations=55 (full 0):
 garbage-first heap   total 355328K, used 198872K [0x00000000a0000000, 0x0000000100000000)
  region size 1024K, 4 young (4096K), 4 survivors (4096K)
 Metaspace       used 112051K, committed 113216K, reserved 557056K
  class space    used 15464K, committed 16000K, reserved 425984K
}
Event: 60.857 GC heap before
{Heap before GC invocations=55 (full 0):
 garbage-first heap   total 355328K, used 212184K [0x00000000a0000000, 0x0000000100000000)
  region size 1024K, 17 young (17408K), 4 survivors (4096K)
 Metaspace       used 112559K, committed 113728K, reserved 557056K
  class space    used 15547K, committed 16064K, reserved 425984K
}
Event: 60.876 GC heap after
{Heap after GC invocations=56 (full 0):
 garbage-first heap   total 355328K, used 194820K [0x00000000a0000000, 0x0000000100000000)
  region size 1024K, 2 young (2048K), 2 survivors (2048K)
 Metaspace       used 112559K, committed 113728K, reserved 557056K
  class space    used 15547K, committed 16064K, reserved 425984K
}
Event: 63.856 GC heap before
{Heap before GC invocations=56 (full 0):
 garbage-first heap   total 355328K, used 294148K [0x00000000a0000000, 0x0000000100000000)
  region size 1024K, 95 young (97280K), 2 survivors (2048K)
 Metaspace       used 116806K, committed 118016K, reserved 557056K
  class space    used 15913K, committed 16448K, reserved 425984K
}
Event: 63.889 GC heap after
{Heap after GC invocations=57 (full 0):
 garbage-first heap   total 404480K, used 208873K [0x00000000a0000000, 0x0000000100000000)
  region size 1024K, 12 young (12288K), 12 survivors (12288K)
 Metaspace       used 116806K, committed 118016K, reserved 557056K
  class space    used 15913K, committed 16448K, reserved 425984K
}

