# JRE version: Java(TM) SE Runtime Environment (17.0.12+8) (build 17.0.12+8-LTS-286)
# Java VM: Java HotSpot(TM) 64-Bit Server VM (17.0.12+8-LTS-286, mixed mode, sharing, tiered, compressed oops, compressed class ptrs, g1 gc, windows-amd64)
GC Precious Log:
 CPUs: 4 total, 4 available
 Memory: 8071M
 Large Page Support: Disabled
 NUMA Support: Disabled
 Compressed Oops: Enabled (Zero based)
 Heap Region Size: 4M
 Heap Min Capacity: 8M
 Heap Initial Capacity: 128M
 Heap Max Capacity: 8G
 Pre-touch: Disabled
 Parallel Workers: 4
 Concurrent Workers: 1
 Concurrent Refinement Workers: 4
 Periodic GC: Disabled
Heap:
 garbage-first heap   total 1024000K, used 522217K [0x0000000600000000, 0x0000000800000000)
  region size 4096K, 25 young (102400K), 4 survivors (16384K)
 Metaspace       used 268950K, committed 271360K, reserved 1310720K
  class space    used 33065K, committed 34176K, reserved 1048576K
GC Heap History (20 events):
Event: 11222.341 GC heap before
{Heap before GC invocations=143 (full 2):
 garbage-first heap   total 851968K, used 722163K [0x0000000600000000, 0x0000000800000000)
  region size 4096K, 90 young (368640K), 2 survivors (8192K)
 Metaspace       used 266684K, committed 268992K, reserved 1310720K
  class space    used 32963K, committed 34048K, reserved 1048576K
}
Event: 11222.356 GC heap after
{Heap after GC invocations=144 (full 2):
 garbage-first heap   total 851968K, used 366294K [0x0000000600000000, 0x0000000800000000)
  region size 4096K, 3 young (12288K), 3 survivors (12288K)
 Metaspace       used 266684K, committed 268992K, reserved 1310720K
  class space    used 32963K, committed 34048K, reserved 1048576K
}
Event: 11228.306 GC heap before
{Heap before GC invocations=145 (full 2):
 garbage-first heap   total 851968K, used 730838K [0x0000000600000000, 0x0000000800000000)
  region size 4096K, 92 young (376832K), 3 survivors (12288K)
 Metaspace       used 267595K, committed 269888K, reserved 1310720K
  class space    used 32972K, committed 34048K, reserved 1048576K
}
Event: 11228.354 GC heap after
{Heap after GC invocations=146 (full 2):
 garbage-first heap   total 851968K, used 371943K [0x0000000600000000, 0x0000000800000000)
  region size 4096K, 4 young (16384K), 4 survivors (16384K)
 Metaspace       used 267595K, committed 269888K, reserved 1310720K
  class space    used 32972K, committed 34048K, reserved 1048576K
}
Event: 11228.840 GC heap before
{Heap before GC invocations=146 (full 2):
 garbage-first heap   total 851968K, used 396519K [0x0000000600000000, 0x0000000800000000)
  region size 4096K, 10 young (40960K), 4 survivors (16384K)
 Metaspace       used 267770K, committed 270080K, reserved 1310720K
  class space    used 32977K, committed 34048K, reserved 1048576K
}
Event: 11229.014 GC heap after
{Heap after GC invocations=147 (full 2):
 garbage-first heap   total 851968K, used 365833K [0x0000000600000000, 0x0000000800000000)
  region size 4096K, 1 young (4096K), 1 survivors (4096K)
 Metaspace       used 267770K, committed 270080K, reserved 1310720K
  class space    used 32977K, committed 34048K, reserved 1048576K
}
Event: 11240.020 GC heap before
{Heap before GC invocations=147 (full 2):
 garbage-first heap   total 851968K, used 730377K [0x0000000600000000, 0x0000000800000000)
  region size 4096K, 91 young (372736K), 1 survivors (4096K)
 Metaspace       used 268029K, committed 270400K, reserved 1310720K
  class space    used 32993K, committed 34112K, reserved 1048576K
}
Event: 11240.031 GC heap after
{Heap after GC invocations=148 (full 2):
 garbage-first heap   total 1024000K, used 366042K [0x0000000600000000, 0x0000000800000000)
  region size 4096K, 1 young (4096K), 1 survivors (4096K)
 Metaspace       used 268029K, committed 270400K, reserved 1310720K
  class space    used 32993K, committed 34112K, reserved 1048576K
}
Event: 11248.009 GC heap before
{Heap before GC invocations=148 (full 2):
 garbage-first heap   total 1024000K, used 878042K [0x0000000600000000, 0x0000000800000000)
  region size 4096K, 127 young (520192K), 1 survivors (4096K)
 Metaspace       used 268098K, committed 270464K, reserved 1310720K
  class space    used 33000K, committed 34112K, reserved 1048576K
}
Event: 11248.030 GC heap after
{Heap after GC invocations=149 (full 2):
 garbage-first heap   total 1024000K, used 373626K [0x0000000600000000, 0x0000000800000000)
  region size 4096K, 3 young (12288K), 3 survivors (12288K)
 Metaspace       used 268098K, committed 270464K, reserved 1310720K
  class space    used 33000K, committed 34112K, reserved 1048576K
}
Event: 11255.731 GC heap before
{Heap before GC invocations=149 (full 2):
 garbage-first heap   total 1024000K, used 881530K [0x0000000600000000, 0x0000000800000000)
  region size 4096K, 128 young (524288K), 3 survivors (12288K)
 Metaspace       used 268734K, committed 271168K, reserved 1310720K
  class space    used 33052K, committed 34176K, reserved 1048576K
}
Event: 11255.882 GC heap after
{Heap after GC invocations=150 (full 2):
 garbage-first heap   total 1024000K, used 424009K [0x0000000600000000, 0x0000000800000000)
  region size 4096K, 15 young (61440K), 15 survivors (61440K)
 Metaspace       used 268734K, committed 271168K, reserved 1310720K
  class space    used 33052K, committed 34176K, reserved 1048576K
}
Event: 11259.004 GC heap before
{Heap before GC invocations=150 (full 2):
 garbage-first heap   total 1024000K, used 637001K [0x0000000600000000, 0x0000000800000000)
  region size 4096K, 67 young (274432K), 15 survivors (61440K)
 Metaspace       used 268920K, committed 271296K, reserved 1310720K
  class space    used 33069K, committed 34176K, reserved 1048576K
}
Event: 11259.571 GC heap after
{Heap after GC invocations=151 (full 2):
 garbage-first heap   total 1024000K, used 434193K [0x0000000600000000, 0x0000000800000000)
  region size 4096K, 5 young (20480K), 5 survivors (20480K)
 Metaspace       used 268920K, committed 271296K, reserved 1310720K
  class space    used 33069K, committed 34176K, reserved 1048576K
}
Event: 11267.889 GC heap before
{Heap before GC invocations=152 (full 2):
 garbage-first heap   total 1024000K, used 843793K [0x0000000600000000, 0x0000000800000000)
  region size 4096K, 105 young (430080K), 5 survivors (20480K)
 Metaspace       used 268800K, committed 271168K, reserved 1310720K
  class space    used 33055K, committed 34176K, reserved 1048576K
}
Event: 11267.934 GC heap after
{Heap after GC invocations=153 (full 2):
 garbage-first heap   total 1024000K, used 434193K [0x0000000600000000, 0x0000000800000000)
  region size 4096K, 5 young (20480K), 5 survivors (20480K)
 Metaspace       used 268800K, committed 271168K, reserved 1310720K
  class space    used 33055K, committed 34176K, reserved 1048576K
}
Event: 11268.105 GC heap before
{Heap before GC invocations=153 (full 2):
 garbage-first heap   total 1024000K, used 462865K [0x0000000600000000, 0x0000000800000000)
  region size 4096K, 12 young (49152K), 5 survivors (20480K)
 Metaspace       used 268802K, committed 271168K, reserved 1310720K
  class space    used 33055K, committed 34176K, reserved 1048576K
}
Event: 11268.185 GC heap after
{Heap after GC invocations=154 (full 2):
 garbage-first heap   total 1024000K, used 430614K [0x0000000600000000, 0x0000000800000000)
  region size 4096K, 1 young (4096K), 1 survivors (4096K)
 Metaspace       used 268802K, committed 271168K, reserved 1310720K
  class space    used 33055K, committed 34176K, reserved 1048576K
}
Event: 11271.891 GC heap before
{Heap before GC invocations=154 (full 2):
 garbage-first heap   total 1024000K, used 856598K [0x0000000600000000, 0x0000000800000000)
  region size 4096K, 105 young (430080K), 1 survivors (4096K)
 Metaspace       used 268910K, committed 271296K, reserved 1310720K
  class space    used 33064K, committed 34176K, reserved 1048576K
}
Event: 11271.913 GC heap after
{Heap after GC invocations=155 (full 2):
 garbage-first heap   total 1024000K, used 440297K [0x0000000600000000, 0x0000000800000000)
  region size 4096K, 4 young (16384K), 4 survivors (16384K)
 Metaspace       used 268910K, committed 271296K, reserved 1310720K
  class space    used 33064K, committed 34176K, reserved 1048576K
}

