# JRE version: Java(TM) SE Runtime Environment (17.0.12+8) (build 17.0.12+8-LTS-286)
# Java VM: Java HotSpot(TM) 64-Bit Server VM (17.0.12+8-LTS-286, mixed mode, sharing, tiered, compressed oops, compressed class ptrs, g1 gc, windows-amd64)
GC Precious Log:
 CPUs: 4 total, 4 available
 Memory: 8071M
 Large Page Support: Disabled
 NUMA Support: Disabled
 Compressed Oops: Enabled (Zero based)
 Heap Region Size: 4M
 Heap Min Capacity: 8M
 Heap Initial Capacity: 128M
 Heap Max Capacity: 8G
 Pre-touch: Disabled
 Parallel Workers: 4
 Concurrent Workers: 1
 Concurrent Refinement Workers: 4
 Periodic GC: Disabled
Heap:
 garbage-first heap   total 643072K, used 310921K [0x0000000600000000, 0x0000000800000000)
  region size 4096K, 4 young (16384K), 4 survivors (16384K)
 Metaspace       used 221865K, committed 223552K, reserved 1245184K
  class space    used 28304K, committed 29120K, reserved 1048576K
GC Heap History (20 events):
Event: 326.569 GC heap after
{Heap after GC invocations=91 (full 0):
 garbage-first heap   total 532480K, used 350022K [0x0000000600000000, 0x0000000800000000)
  region size 4096K, 2 young (8192K), 2 survivors (8192K)
 Metaspace       used 201087K, committed 202752K, reserved 1245184K
  class space    used 25470K, committed 26240K, reserved 1048576K
}
Event: 334.186 GC heap before
{Heap before GC invocations=91 (full 0):
 garbage-first heap   total 532480K, used 431942K [0x0000000600000000, 0x0000000800000000)
  region size 4096K, 24 young (98304K), 2 survivors (8192K)
 Metaspace       used 204236K, committed 206016K, reserved 1245184K
  class space    used 25857K, committed 26688K, reserved 1048576K
}
Event: 334.212 GC heap after
{Heap after GC invocations=92 (full 0):
 garbage-first heap   total 532480K, used 358010K [0x0000000600000000, 0x0000000800000000)
  region size 4096K, 3 young (12288K), 3 survivors (12288K)
 Metaspace       used 204236K, committed 206016K, reserved 1245184K
  class space    used 25857K, committed 26688K, reserved 1048576K
}
Event: 338.200 GC heap before
{Heap before GC invocations=92 (full 0):
 garbage-first heap   total 532480K, used 435834K [0x0000000600000000, 0x0000000800000000)
  region size 4096K, 23 young (94208K), 3 survivors (12288K)
 Metaspace       used 212972K, committed 214720K, reserved 1245184K
  class space    used 27087K, committed 27904K, reserved 1048576K
}
Event: 338.227 GC heap after
{Heap after GC invocations=93 (full 0):
 garbage-first heap   total 532480K, used 360982K [0x0000000600000000, 0x0000000800000000)
  region size 4096K, 3 young (12288K), 3 survivors (12288K)
 Metaspace       used 212972K, committed 214720K, reserved 1245184K
  class space    used 27087K, committed 27904K, reserved 1048576K
}
Event: 340.133 GC heap before
{Heap before GC invocations=93 (full 0):
 garbage-first heap   total 532480K, used 385558K [0x0000000600000000, 0x0000000800000000)
  region size 4096K, 10 young (40960K), 3 survivors (12288K)
 Metaspace       used 216199K, committed 217984K, reserved 1245184K
  class space    used 27606K, committed 28416K, reserved 1048576K
}
Event: 340.152 GC heap after
{Heap after GC invocations=94 (full 0):
 garbage-first heap   total 532480K, used 362174K [0x0000000600000000, 0x0000000800000000)
  region size 4096K, 2 young (8192K), 2 survivors (8192K)
 Metaspace       used 216199K, committed 217984K, reserved 1245184K
  class space    used 27606K, committed 28416K, reserved 1048576K
}
Event: 344.648 GC heap before
{Heap before GC invocations=95 (full 0):
 garbage-first heap   total 643072K, used 435902K [0x0000000600000000, 0x0000000800000000)
  region size 4096K, 20 young (81920K), 2 survivors (8192K)
 Metaspace       used 216986K, committed 218752K, reserved 1245184K
  class space    used 27765K, committed 28608K, reserved 1048576K
}
Event: 344.665 GC heap after
{Heap after GC invocations=96 (full 0):
 garbage-first heap   total 643072K, used 361584K [0x0000000600000000, 0x0000000800000000)
  region size 4096K, 2 young (8192K), 2 survivors (8192K)
 Metaspace       used 216986K, committed 218752K, reserved 1245184K
  class space    used 27765K, committed 28608K, reserved 1048576K
}
Event: 346.109 GC heap before
{Heap before GC invocations=96 (full 0):
 garbage-first heap   total 643072K, used 382064K [0x0000000600000000, 0x0000000800000000)
  region size 4096K, 7 young (28672K), 2 survivors (8192K)
 Metaspace       used 217484K, committed 219264K, reserved 1245184K
  class space    used 27767K, committed 28608K, reserved 1048576K
}
Event: 346.140 GC heap after
{Heap after GC invocations=97 (full 0):
 garbage-first heap   total 643072K, used 307974K [0x0000000600000000, 0x0000000800000000)
  region size 4096K, 1 young (4096K), 1 survivors (4096K)
 Metaspace       used 217484K, committed 219264K, reserved 1245184K
  class space    used 27767K, committed 28608K, reserved 1048576K
}
Event: 348.368 GC heap before
{Heap before GC invocations=97 (full 0):
 garbage-first heap   total 643072K, used 332550K [0x0000000600000000, 0x0000000800000000)
  region size 4096K, 7 young (28672K), 1 survivors (4096K)
 Metaspace       used 217670K, committed 219456K, reserved 1245184K
  class space    used 27773K, committed 28608K, reserved 1048576K
}
Event: 348.405 GC heap after
{Heap after GC invocations=98 (full 0):
 garbage-first heap   total 643072K, used 296776K [0x0000000600000000, 0x0000000800000000)
  region size 4096K, 1 young (4096K), 1 survivors (4096K)
 Metaspace       used 217670K, committed 219456K, reserved 1245184K
  class space    used 27773K, committed 28608K, reserved 1048576K
}
Event: 358.556 GC heap before
{Heap before GC invocations=98 (full 0):
 garbage-first heap   total 643072K, used 517960K [0x0000000600000000, 0x0000000800000000)
  region size 4096K, 55 young (225280K), 1 survivors (4096K)
 Metaspace       used 220563K, committed 222272K, reserved 1245184K
  class space    used 28112K, committed 28928K, reserved 1048576K
}
Event: 358.575 GC heap after
{Heap after GC invocations=99 (full 0):
 garbage-first heap   total 643072K, used 297868K [0x0000000600000000, 0x0000000800000000)
  region size 4096K, 1 young (4096K), 1 survivors (4096K)
 Metaspace       used 220563K, committed 222272K, reserved 1245184K
  class space    used 28112K, committed 28928K, reserved 1048576K
}
Event: 384.683 GC heap before
{Heap before GC invocations=100 (full 0):
 garbage-first heap   total 643072K, used 547724K [0x0000000600000000, 0x0000000800000000)
  region size 4096K, 63 young (258048K), 1 survivors (4096K)
 Metaspace       used 221260K, committed 222976K, reserved 1245184K
  class space    used 28195K, committed 28992K, reserved 1048576K
}
Event: 384.712 GC heap after
{Heap after GC invocations=101 (full 0):
 garbage-first heap   total 643072K, used 304580K [0x0000000600000000, 0x0000000800000000)
  region size 4096K, 3 young (12288K), 3 survivors (12288K)
 Metaspace       used 221260K, committed 222976K, reserved 1245184K
  class space    used 28195K, committed 28992K, reserved 1048576K
}
Event: 385.259 GC heap before
{Heap before GC invocations=101 (full 0):
 garbage-first heap   total 643072K, used 316868K [0x0000000600000000, 0x0000000800000000)
  region size 4096K, 7 young (28672K), 3 survivors (12288K)
 Metaspace       used 221285K, committed 222976K, reserved 1245184K
  class space    used 28195K, committed 28992K, reserved 1048576K
}
Event: 385.289 GC heap after
{Heap after GC invocations=102 (full 0):
 garbage-first heap   total 643072K, used 300239K [0x0000000600000000, 0x0000000800000000)
  region size 4096K, 1 young (4096K), 1 survivors (4096K)
 Metaspace       used 221285K, committed 222976K, reserved 1245184K
  class space    used 28195K, committed 28992K, reserved 1048576K
}
Event: 396.436 GC heap before
{Heap before GC invocations=102 (full 0):
 garbage-first heap   total 643072K, used 541903K [0x0000000600000000, 0x0000000800000000)
  region size 4096K, 61 young (249856K), 1 survivors (4096K)
 Metaspace       used 221865K, committed 223552K, reserved 1245184K
  class space    used 28304K, committed 29120K, reserved 1048576K
}

