# JRE version: Java(TM) SE Runtime Environment (17.0.12+8) (build 17.0.12+8-LTS-286)
# Java VM: Java HotSpot(TM) 64-Bit Server VM (17.0.12+8-LTS-286, mixed mode, sharing, tiered, compressed oops, compressed class ptrs, g1 gc, windows-amd64)
GC Precious Log:
 CPUs: 4 total, 4 available
 Memory: 8071M
 Large Page Support: Disabled
 NUMA Support: Disabled
 Compressed Oops: Enabled (Zero based)
 Heap Region Size: 2M
 Heap Min Capacity: 8M
 Heap Initial Capacity: 128M
 Heap Max Capacity: 4G
 Pre-touch: Disabled
 Parallel Workers: 4
 Concurrent Workers: 1
 Concurrent Refinement Workers: 4
 Periodic GC: Disabled
Heap:
 garbage-first heap   total 219136K, used 129630K [0x0000000700000000, 0x0000000800000000)
  region size 2048K, 1 young (2048K), 1 survivors (2048K)
 Metaspace       used 88715K, committed 89472K, reserved 983040K
  class space    used 12655K, committed 12992K, reserved 851968K
GC Heap History (20 events):
Event: 20.071 GC heap after
{Heap after GC invocations=28 (full 0):
 garbage-first heap   total 131072K, used 73627K [0x0000000700000000, 0x0000000800000000)
  region size 2048K, 2 young (4096K), 2 survivors (4096K)
 Metaspace       used 67340K, committed 67968K, reserved 917504K
  class space    used 9647K, committed 9984K, reserved 851968K
}
Event: 20.398 GC heap before
{Heap before GC invocations=28 (full 0):
 garbage-first heap   total 131072K, used 104347K [0x0000000700000000, 0x0000000800000000)
  region size 2048K, 18 young (36864K), 2 survivors (4096K)
 Metaspace       used 67354K, committed 68032K, reserved 917504K
  class space    used 9647K, committed 9984K, reserved 851968K
}
Event: 20.405 GC heap after
{Heap after GC invocations=29 (full 0):
 garbage-first heap   total 131072K, used 74847K [0x0000000700000000, 0x0000000800000000)
  region size 2048K, 2 young (4096K), 2 survivors (4096K)
 Metaspace       used 67354K, committed 68032K, reserved 917504K
  class space    used 9647K, committed 9984K, reserved 851968K
}
Event: 20.801 GC heap before
{Heap before GC invocations=30 (full 0):
 garbage-first heap   total 151552K, used 105567K [0x0000000700000000, 0x0000000800000000)
  region size 2048K, 18 young (36864K), 2 survivors (4096K)
 Metaspace       used 67358K, committed 68032K, reserved 917504K
  class space    used 9647K, committed 9984K, reserved 851968K
}
Event: 20.811 GC heap after
{Heap after GC invocations=31 (full 0):
 garbage-first heap   total 151552K, used 76131K [0x0000000700000000, 0x0000000800000000)
  region size 2048K, 2 young (4096K), 2 survivors (4096K)
 Metaspace       used 67358K, committed 68032K, reserved 917504K
  class space    used 9647K, committed 9984K, reserved 851968K
}
Event: 21.375 GC heap before
{Heap before GC invocations=31 (full 0):
 garbage-first heap   total 151552K, used 102755K [0x0000000700000000, 0x0000000800000000)
  region size 2048K, 17 young (34816K), 2 survivors (4096K)
 Metaspace       used 68185K, committed 68864K, reserved 917504K
  class space    used 9745K, committed 10048K, reserved 851968K
}
Event: 21.385 GC heap after
{Heap after GC invocations=32 (full 0):
 garbage-first heap   total 192512K, used 81450K [0x0000000700000000, 0x0000000800000000)
  region size 2048K, 4 young (8192K), 4 survivors (8192K)
 Metaspace       used 68185K, committed 68864K, reserved 917504K
  class space    used 9745K, committed 10048K, reserved 851968K
}
Event: 22.820 GC heap before
{Heap before GC invocations=32 (full 0):
 garbage-first heap   total 192512K, used 155178K [0x0000000700000000, 0x0000000800000000)
  region size 2048K, 40 young (81920K), 4 survivors (8192K)
 Metaspace       used 74509K, committed 75264K, reserved 917504K
  class space    used 10523K, committed 10880K, reserved 851968K
}
Event: 22.833 GC heap after
{Heap after GC invocations=33 (full 0):
 garbage-first heap   total 192512K, used 92494K [0x0000000700000000, 0x0000000800000000)
  region size 2048K, 5 young (10240K), 5 survivors (10240K)
 Metaspace       used 74509K, committed 75264K, reserved 917504K
  class space    used 10523K, committed 10880K, reserved 851968K
}
Event: 23.981 GC heap before
{Heap before GC invocations=33 (full 0):
 garbage-first heap   total 192512K, used 147790K [0x0000000700000000, 0x0000000800000000)
  region size 2048K, 33 young (67584K), 5 survivors (10240K)
 Metaspace       used 82538K, committed 83328K, reserved 983040K
  class space    used 11980K, committed 12352K, reserved 851968K
}
Event: 23.991 GC heap after
{Heap after GC invocations=34 (full 0):
 garbage-first heap   total 192512K, used 94486K [0x0000000700000000, 0x0000000800000000)
  region size 2048K, 2 young (4096K), 2 survivors (4096K)
 Metaspace       used 82538K, committed 83328K, reserved 983040K
  class space    used 11980K, committed 12352K, reserved 851968K
}
Event: 24.746 GC heap before
{Heap before GC invocations=35 (full 0):
 garbage-first heap   total 192512K, used 164118K [0x0000000700000000, 0x0000000800000000)
  region size 2048K, 33 young (67584K), 2 survivors (4096K)
 Metaspace       used 82934K, committed 83712K, reserved 983040K
  class space    used 11991K, committed 12352K, reserved 851968K
}
Event: 24.772 GC heap after
{Heap after GC invocations=36 (full 0):
 garbage-first heap   total 192512K, used 112406K [0x0000000700000000, 0x0000000800000000)
  region size 2048K, 5 young (10240K), 5 survivors (10240K)
 Metaspace       used 82934K, committed 83712K, reserved 983040K
  class space    used 11991K, committed 12352K, reserved 851968K
}
Event: 24.792 GC heap before
{Heap before GC invocations=36 (full 0):
 garbage-first heap   total 192512K, used 114454K [0x0000000700000000, 0x0000000800000000)
  region size 2048K, 6 young (12288K), 5 survivors (10240K)
 Metaspace       used 82934K, committed 83712K, reserved 983040K
  class space    used 11991K, committed 12352K, reserved 851968K
}
Event: 24.808 GC heap after
{Heap after GC invocations=37 (full 0):
 garbage-first heap   total 192512K, used 113641K [0x0000000700000000, 0x0000000800000000)
  region size 2048K, 1 young (2048K), 1 survivors (2048K)
 Metaspace       used 82934K, committed 83712K, reserved 983040K
  class space    used 11991K, committed 12352K, reserved 851968K
}
Event: 25.325 GC heap before
{Heap before GC invocations=37 (full 0):
 garbage-first heap   total 192512K, used 152553K [0x0000000700000000, 0x0000000800000000)
  region size 2048K, 20 young (40960K), 1 survivors (2048K)
 Metaspace       used 84733K, committed 85440K, reserved 983040K
  class space    used 12246K, committed 12544K, reserved 851968K
}
Event: 25.336 GC heap after
{Heap after GC invocations=38 (full 0):
 garbage-first heap   total 192512K, used 119692K [0x0000000700000000, 0x0000000800000000)
  region size 2048K, 3 young (6144K), 3 survivors (6144K)
 Metaspace       used 84733K, committed 85440K, reserved 983040K
  class space    used 12246K, committed 12544K, reserved 851968K
}
Event: 26.070 GC heap before
{Heap before GC invocations=39 (full 0):
 garbage-first heap   total 219136K, used 158604K [0x0000000700000000, 0x0000000800000000)
  region size 2048K, 19 young (38912K), 3 survivors (6144K)
 Metaspace       used 88071K, committed 88832K, reserved 983040K
  class space    used 12598K, committed 12928K, reserved 851968K
}
Event: 26.081 GC heap after
{Heap after GC invocations=40 (full 0):
 garbage-first heap   total 219136K, used 129710K [0x0000000700000000, 0x0000000800000000)
  region size 2048K, 2 young (4096K), 2 survivors (4096K)
 Metaspace       used 88071K, committed 88832K, reserved 983040K
  class space    used 12598K, committed 12928K, reserved 851968K
}
Event: 26.201 GC heap before
{Heap before GC invocations=40 (full 0):
 garbage-first heap   total 219136K, used 135854K [0x0000000700000000, 0x0000000800000000)
  region size 2048K, 5 young (10240K), 2 survivors (4096K)
 Metaspace       used 88715K, committed 89472K, reserved 983040K
  class space    used 12655K, committed 12992K, reserved 851968K
}

