# JRE version: Java(TM) SE Runtime Environment (17.0.12+8) (build 17.0.12+8-LTS-286)
# Java VM: Java HotSpot(TM) 64-Bit Server VM (17.0.12+8-LTS-286, mixed mode, sharing, tiered, compressed oops, compressed class ptrs, g1 gc, windows-amd64)
GC Precious Log:
 CPUs: 4 total, 4 available
 Memory: 8071M
 Large Page Support: Disabled
 NUMA Support: Disabled
 Compressed Oops: Enabled (32-bit)
 Heap Region Size: 1M
 Heap Min Capacity: 8M
 Heap Initial Capacity: 128M
 Heap Max Capacity: 1536M
 Pre-touch: Disabled
 Parallel Workers: 4
 Concurrent Workers: 1
 Concurrent Refinement Workers: 4
 Periodic GC: Disabled
Heap:
 garbage-first heap   total 358400K, used 255897K [0x00000000a0000000, 0x0000000100000000)
  region size 1024K, 60 young (61440K), 12 survivors (12288K)
 Metaspace       used 117530K, committed 118848K, reserved 557056K
  class space    used 16019K, committed 16640K, reserved 425984K
GC Heap History (20 events):
Event: 91.976 GC heap before
{Heap before GC invocations=54 (full 0):
 garbage-first heap   total 249856K, used 210733K [0x00000000a0000000, 0x0000000100000000)
  region size 1024K, 34 young (34816K), 4 survivors (4096K)
 Metaspace       used 106169K, committed 107328K, reserved 557056K
  class space    used 14624K, committed 15168K, reserved 425984K
}
Event: 91.986 GC heap after
{Heap after GC invocations=55 (full 0):
 garbage-first heap   total 249856K, used 181109K [0x00000000a0000000, 0x0000000100000000)
  region size 1024K, 3 young (3072K), 3 survivors (3072K)
 Metaspace       used 106169K, committed 107328K, reserved 557056K
  class space    used 14624K, committed 15168K, reserved 425984K
}
Event: 92.589 GC heap before
{Heap before GC invocations=55 (full 0):
 garbage-first heap   total 249856K, used 211829K [0x00000000a0000000, 0x0000000100000000)
  region size 1024K, 34 young (34816K), 3 survivors (3072K)
 Metaspace       used 106171K, committed 107328K, reserved 557056K
  class space    used 14625K, committed 15168K, reserved 425984K
}
Event: 92.599 GC heap after
{Heap after GC invocations=56 (full 0):
 garbage-first heap   total 249856K, used 182655K [0x00000000a0000000, 0x0000000100000000)
  region size 1024K, 4 young (4096K), 4 survivors (4096K)
 Metaspace       used 106171K, committed 107328K, reserved 557056K
  class space    used 14625K, committed 15168K, reserved 425984K
}
Event: 93.299 GC heap before
{Heap before GC invocations=56 (full 0):
 garbage-first heap   total 249856K, used 215423K [0x00000000a0000000, 0x0000000100000000)
  region size 1024K, 33 young (33792K), 4 survivors (4096K)
 Metaspace       used 106215K, committed 107328K, reserved 557056K
  class space    used 14627K, committed 15168K, reserved 425984K
}
Event: 93.312 GC heap after
{Heap after GC invocations=57 (full 0):
 garbage-first heap   total 249856K, used 190943K [0x00000000a0000000, 0x0000000100000000)
  region size 1024K, 5 young (5120K), 5 survivors (5120K)
 Metaspace       used 106215K, committed 107328K, reserved 557056K
  class space    used 14627K, committed 15168K, reserved 425984K
}
Event: 94.090 GC heap before
{Heap before GC invocations=57 (full 0):
 garbage-first heap   total 249856K, used 213471K [0x00000000a0000000, 0x0000000100000000)
  region size 1024K, 27 young (27648K), 5 survivors (5120K)
 Metaspace       used 106445K, committed 107584K, reserved 557056K
  class space    used 14658K, committed 15232K, reserved 425984K
}
Event: 94.105 GC heap after
{Heap after GC invocations=58 (full 0):
 garbage-first heap   total 249856K, used 194297K [0x00000000a0000000, 0x0000000100000000)
  region size 1024K, 4 young (4096K), 4 survivors (4096K)
 Metaspace       used 106445K, committed 107584K, reserved 557056K
  class space    used 14658K, committed 15232K, reserved 425984K
}
Event: 94.349 GC heap before
{Heap before GC invocations=58 (full 0):
 garbage-first heap   total 249856K, used 212729K [0x00000000a0000000, 0x0000000100000000)
  region size 1024K, 23 young (23552K), 4 survivors (4096K)
 Metaspace       used 106445K, committed 107584K, reserved 557056K
  class space    used 14658K, committed 15232K, reserved 425984K
}
Event: 94.362 GC heap after
{Heap after GC invocations=59 (full 0):
 garbage-first heap   total 249856K, used 196504K [0x00000000a0000000, 0x0000000100000000)
  region size 1024K, 3 young (3072K), 3 survivors (3072K)
 Metaspace       used 106445K, committed 107584K, reserved 557056K
  class space    used 14658K, committed 15232K, reserved 425984K
}
Event: 94.500 GC heap before
{Heap before GC invocations=59 (full 0):
 garbage-first heap   total 249856K, used 213912K [0x00000000a0000000, 0x0000000100000000)
  region size 1024K, 21 young (21504K), 3 survivors (3072K)
 Metaspace       used 106445K, committed 107584K, reserved 557056K
  class space    used 14658K, committed 15232K, reserved 425984K
}
Event: 94.510 GC heap after
{Heap after GC invocations=60 (full 0):
 garbage-first heap   total 249856K, used 197733K [0x00000000a0000000, 0x0000000100000000)
  region size 1024K, 3 young (3072K), 3 survivors (3072K)
 Metaspace       used 106445K, committed 107584K, reserved 557056K
  class space    used 14658K, committed 15232K, reserved 425984K
}
Event: 94.789 GC heap before
{Heap before GC invocations=60 (full 0):
 garbage-first heap   total 249856K, used 214117K [0x00000000a0000000, 0x0000000100000000)
  region size 1024K, 20 young (20480K), 3 survivors (3072K)
 Metaspace       used 106450K, committed 107584K, reserved 557056K
  class space    used 14658K, committed 15232K, reserved 425984K
}
Event: 94.798 GC heap after
{Heap after GC invocations=61 (full 0):
 garbage-first heap   total 307200K, used 198700K [0x00000000a0000000, 0x0000000100000000)
  region size 1024K, 3 young (3072K), 3 survivors (3072K)
 Metaspace       used 106450K, committed 107584K, reserved 557056K
  class space    used 14658K, committed 15232K, reserved 425984K
}
Event: 97.367 GC heap before
{Heap before GC invocations=62 (full 0):
 garbage-first heap   total 358400K, used 256044K [0x00000000a0000000, 0x0000000100000000)
  region size 1024K, 58 young (59392K), 3 survivors (3072K)
 Metaspace       used 108540K, committed 109760K, reserved 557056K
  class space    used 15046K, committed 15616K, reserved 425984K
}
Event: 97.391 GC heap after
{Heap after GC invocations=63 (full 0):
 garbage-first heap   total 358400K, used 204789K [0x00000000a0000000, 0x0000000100000000)
  region size 1024K, 8 young (8192K), 8 survivors (8192K)
 Metaspace       used 108540K, committed 109760K, reserved 557056K
  class space    used 15046K, committed 15616K, reserved 425984K
}
Event: 97.986 GC heap before
{Heap before GC invocations=63 (full 0):
 garbage-first heap   total 358400K, used 214005K [0x00000000a0000000, 0x0000000100000000)
  region size 1024K, 17 young (17408K), 8 survivors (8192K)
 Metaspace       used 109223K, committed 110400K, reserved 557056K
  class space    used 15160K, committed 15744K, reserved 425984K
}
Event: 98.025 GC heap after
{Heap after GC invocations=64 (full 0):
 garbage-first heap   total 358400K, used 192715K [0x00000000a0000000, 0x0000000100000000)
  region size 1024K, 2 young (2048K), 2 survivors (2048K)
 Metaspace       used 109223K, committed 110400K, reserved 557056K
  class space    used 15160K, committed 15744K, reserved 425984K
}
Event: 102.323 GC heap before
{Heap before GC invocations=64 (full 0):
 garbage-first heap   total 358400K, used 291019K [0x00000000a0000000, 0x0000000100000000)
  region size 1024K, 98 young (100352K), 2 survivors (2048K)
 Metaspace       used 114240K, committed 115392K, reserved 557056K
  class space    used 15754K, committed 16320K, reserved 425984K
}
Event: 102.365 GC heap after
{Heap after GC invocations=65 (full 0):
 garbage-first heap   total 358400K, used 203673K [0x00000000a0000000, 0x0000000100000000)
  region size 1024K, 12 young (12288K), 12 survivors (12288K)
 Metaspace       used 114240K, committed 115392K, reserved 557056K
  class space    used 15754K, committed 16320K, reserved 425984K
}

