# JRE version: Java(TM) SE Runtime Environment (17.0.12+8) (build 17.0.12+8-LTS-286)
# Java VM: Java HotSpot(TM) 64-Bit Server VM (17.0.12+8-LTS-286, mixed mode, sharing, tiered, compressed oops, compressed class ptrs, g1 gc, windows-amd64)
GC Precious Log:
 CPUs: 4 total, 4 available
 Memory: 8071M
 Large Page Support: Disabled
 NUMA Support: Disabled
 Compressed Oops: Enabled (32-bit)
 Heap Region Size: 1M
 Heap Min Capacity: 8M
 Heap Initial Capacity: 128M
 Heap Max Capacity: 2018M
 Pre-touch: Disabled
 Parallel Workers: 4
 Concurrent Workers: 1
 Concurrent Refinement Workers: 4
 Periodic GC: Disabled
Heap:
 garbage-first heap   total 70656K, used 42908K [0x0000000081e00000, 0x0000000100000000)
  region size 1024K, 2 young (2048K), 2 survivors (2048K)
 Metaspace       used 50395K, committed 50688K, reserved 1114112K
  class space    used 6071K, committed 6208K, reserved 1048576K
GC Heap History (20 events):
Event: 19.865 GC heap after
{Heap after GC invocations=7 (full 0):
 garbage-first heap   total 45056K, used 21092K [0x0000000081e00000, 0x0000000100000000)
  region size 1024K, 2 young (2048K), 2 survivors (2048K)
 Metaspace       used 29276K, committed 29504K, reserved 1114112K
  class space    used 3875K, committed 3968K, reserved 1048576K
}
Event: 20.463 GC heap before
{Heap before GC invocations=7 (full 0):
 garbage-first heap   total 45056K, used 31332K [0x0000000081e00000, 0x0000000100000000)
  region size 1024K, 13 young (13312K), 2 survivors (2048K)
 Metaspace       used 31451K, committed 31744K, reserved 1114112K
  class space    used 4092K, committed 4224K, reserved 1048576K
}
Event: 20.474 GC heap after
{Heap after GC invocations=8 (full 0):
 garbage-first heap   total 45056K, used 22113K [0x0000000081e00000, 0x0000000100000000)
  region size 1024K, 1 young (1024K), 1 survivors (1024K)
 Metaspace       used 31451K, committed 31744K, reserved 1114112K
  class space    used 4092K, committed 4224K, reserved 1048576K
}
Event: 21.252 GC heap before
{Heap before GC invocations=8 (full 0):
 garbage-first heap   total 45056K, used 32353K [0x0000000081e00000, 0x0000000100000000)
  region size 1024K, 11 young (11264K), 1 survivors (1024K)
 Metaspace       used 33743K, committed 33984K, reserved 1114112K
  class space    used 4314K, committed 4416K, reserved 1048576K
}
Event: 21.257 GC heap after
{Heap after GC invocations=9 (full 0):
 garbage-first heap   total 54272K, used 22269K [0x0000000081e00000, 0x0000000100000000)
  region size 1024K, 1 young (1024K), 1 survivors (1024K)
 Metaspace       used 33743K, committed 33984K, reserved 1114112K
  class space    used 4314K, committed 4416K, reserved 1048576K
}
Event: 22.575 GC heap before
{Heap before GC invocations=10 (full 0):
 garbage-first heap   total 54272K, used 39677K [0x0000000081e00000, 0x0000000100000000)
  region size 1024K, 18 young (18432K), 1 survivors (1024K)
 Metaspace       used 38741K, committed 39040K, reserved 1114112K
  class space    used 4813K, committed 4928K, reserved 1048576K
}
Event: 22.582 GC heap after
{Heap after GC invocations=11 (full 0):
 garbage-first heap   total 54272K, used 23128K [0x0000000081e00000, 0x0000000100000000)
  region size 1024K, 2 young (2048K), 2 survivors (2048K)
 Metaspace       used 38741K, committed 39040K, reserved 1114112K
  class space    used 4813K, committed 4928K, reserved 1048576K
}
Event: 23.526 GC heap before
{Heap before GC invocations=11 (full 0):
 garbage-first heap   total 54272K, used 39512K [0x0000000081e00000, 0x0000000100000000)
  region size 1024K, 19 young (19456K), 2 survivors (2048K)
 Metaspace       used 42703K, committed 42880K, reserved 1114112K
  class space    used 5224K, committed 5312K, reserved 1048576K
}
Event: 23.537 GC heap after
{Heap after GC invocations=12 (full 0):
 garbage-first heap   total 54272K, used 24451K [0x0000000081e00000, 0x0000000100000000)
  region size 1024K, 3 young (3072K), 3 survivors (3072K)
 Metaspace       used 42703K, committed 42880K, reserved 1114112K
  class space    used 5224K, committed 5312K, reserved 1048576K
}
Event: 24.434 GC heap before
{Heap before GC invocations=12 (full 0):
 garbage-first heap   total 54272K, used 40835K [0x0000000081e00000, 0x0000000100000000)
  region size 1024K, 19 young (19456K), 3 survivors (3072K)
 Metaspace       used 44362K, committed 44608K, reserved 1114112K
  class space    used 5385K, committed 5504K, reserved 1048576K
}
Event: 24.452 GC heap after
{Heap after GC invocations=13 (full 0):
 garbage-first heap   total 54272K, used 28845K [0x0000000081e00000, 0x0000000100000000)
  region size 1024K, 3 young (3072K), 3 survivors (3072K)
 Metaspace       used 44362K, committed 44608K, reserved 1114112K
  class space    used 5385K, committed 5504K, reserved 1048576K
}
Event: 24.568 GC heap before
{Heap before GC invocations=13 (full 0):
 garbage-first heap   total 54272K, used 40109K [0x0000000081e00000, 0x0000000100000000)
  region size 1024K, 15 young (15360K), 3 survivors (3072K)
 Metaspace       used 44417K, committed 44672K, reserved 1114112K
  class space    used 5385K, committed 5504K, reserved 1048576K
}
Event: 24.587 GC heap after
{Heap after GC invocations=14 (full 0):
 garbage-first heap   total 54272K, used 33590K [0x0000000081e00000, 0x0000000100000000)
  region size 1024K, 2 young (2048K), 2 survivors (2048K)
 Metaspace       used 44417K, committed 44672K, reserved 1114112K
  class space    used 5385K, committed 5504K, reserved 1048576K
}
Event: 24.727 GC heap before
{Heap before GC invocations=15 (full 0):
 garbage-first heap   total 66560K, used 40758K [0x0000000081e00000, 0x0000000100000000)
  region size 1024K, 9 young (9216K), 2 survivors (2048K)
 Metaspace       used 44445K, committed 44736K, reserved 1114112K
  class space    used 5385K, committed 5504K, reserved 1048576K
}
Event: 24.736 GC heap after
{Heap after GC invocations=16 (full 0):
 garbage-first heap   total 66560K, used 36452K [0x0000000081e00000, 0x0000000100000000)
  region size 1024K, 2 young (2048K), 2 survivors (2048K)
 Metaspace       used 44445K, committed 44736K, reserved 1114112K
  class space    used 5385K, committed 5504K, reserved 1048576K
}
Event: 25.424 GC heap before
{Heap before GC invocations=16 (full 0):
 garbage-first heap   total 66560K, used 47716K [0x0000000081e00000, 0x0000000100000000)
  region size 1024K, 14 young (14336K), 2 survivors (2048K)
 Metaspace       used 46607K, committed 46912K, reserved 1114112K
  class space    used 5635K, committed 5760K, reserved 1048576K
}
Event: 25.436 GC heap after
{Heap after GC invocations=17 (full 0):
 garbage-first heap   total 66560K, used 38684K [0x0000000081e00000, 0x0000000100000000)
  region size 1024K, 2 young (2048K), 2 survivors (2048K)
 Metaspace       used 46607K, committed 46912K, reserved 1114112K
  class space    used 5635K, committed 5760K, reserved 1048576K
}
Event: 26.806 GC heap before
{Heap before GC invocations=18 (full 0):
 garbage-first heap   total 70656K, used 49948K [0x0000000081e00000, 0x0000000100000000)
  region size 1024K, 13 young (13312K), 2 survivors (2048K)
 Metaspace       used 48738K, committed 48960K, reserved 1114112K
  class space    used 5906K, committed 6016K, reserved 1048576K
}
Event: 26.818 GC heap after
{Heap after GC invocations=19 (full 0):
 garbage-first heap   total 70656K, used 40058K [0x0000000081e00000, 0x0000000100000000)
  region size 1024K, 2 young (2048K), 2 survivors (2048K)
 Metaspace       used 48738K, committed 48960K, reserved 1114112K
  class space    used 5906K, committed 6016K, reserved 1048576K
}
Event: 28.134 GC heap before
{Heap before GC invocations=19 (full 0):
 garbage-first heap   total 70656K, used 53370K [0x0000000081e00000, 0x0000000100000000)
  region size 1024K, 15 young (15360K), 2 survivors (2048K)
 Metaspace       used 50395K, committed 50688K, reserved 1114112K
  class space    used 6071K, committed 6208K, reserved 1048576K
}

