# JRE version: Java(TM) SE Runtime Environment (17.0.12+8) (build 17.0.12+8-LTS-286)
# Java VM: Java HotSpot(TM) 64-Bit Server VM (17.0.12+8-LTS-286, mixed mode, sharing, tiered, compressed oops, compressed class ptrs, g1 gc, windows-amd64)
GC Precious Log:
 CPUs: 4 total, 4 available
 Memory: 8071M
 Large Page Support: Disabled
 NUMA Support: Disabled
 Compressed Oops: Enabled (32-bit)
 Heap Region Size: 1M
 Heap Min Capacity: 8M
 Heap Initial Capacity: 128M
 Heap Max Capacity: 1536M
 Pre-touch: Disabled
 Parallel Workers: 4
 Concurrent Workers: 1
 Concurrent Refinement Workers: 4
 Periodic GC: Disabled
Heap:
 garbage-first heap   total 135168K, used 112712K [0x00000000a0000000, 0x0000000100000000)
  region size 1024K, 10 young (10240K), 1 survivors (1024K)
 Metaspace       used 85436K, committed 86208K, reserved 557056K
  class space    used 12349K, committed 12736K, reserved 425984K
GC Heap History (20 events):
Event: 97.558 GC heap before
{Heap before GC invocations=44 (full 0):
 garbage-first heap   total 126976K, used 103419K [0x00000000a0000000, 0x0000000100000000)
  region size 1024K, 30 young (30720K), 1 survivors (1024K)
 Metaspace       used 72848K, committed 73536K, reserved 491520K
  class space    used 10360K, committed 10688K, reserved 425984K
}
Event: 97.563 GC heap after
{Heap after GC invocations=45 (full 0):
 garbage-first heap   total 126976K, used 76650K [0x00000000a0000000, 0x0000000100000000)
  region size 1024K, 3 young (3072K), 3 survivors (3072K)
 Metaspace       used 72848K, committed 73536K, reserved 491520K
  class space    used 10360K, committed 10688K, reserved 425984K
}
Event: 99.157 GC heap before
{Heap before GC invocations=46 (full 0):
 garbage-first heap   total 135168K, used 104298K [0x00000000a0000000, 0x0000000100000000)
  region size 1024K, 31 young (31744K), 3 survivors (3072K)
 Metaspace       used 72852K, committed 73536K, reserved 491520K
  class space    used 10361K, committed 10688K, reserved 425984K
}
Event: 99.163 GC heap after
{Heap after GC invocations=47 (full 0):
 garbage-first heap   total 135168K, used 78221K [0x00000000a0000000, 0x0000000100000000)
  region size 1024K, 3 young (3072K), 3 survivors (3072K)
 Metaspace       used 72852K, committed 73536K, reserved 491520K
  class space    used 10361K, committed 10688K, reserved 425984K
}
Event: 99.303 GC heap before
{Heap before GC invocations=47 (full 0):
 garbage-first heap   total 135168K, used 80269K [0x00000000a0000000, 0x0000000100000000)
  region size 1024K, 6 young (6144K), 3 survivors (3072K)
 Metaspace       used 72852K, committed 73536K, reserved 491520K
  class space    used 10361K, committed 10688K, reserved 425984K
}
Event: 99.309 GC heap after
{Heap after GC invocations=48 (full 0):
 garbage-first heap   total 135168K, used 77524K [0x00000000a0000000, 0x0000000100000000)
  region size 1024K, 1 young (1024K), 1 survivors (1024K)
 Metaspace       used 72852K, committed 73536K, reserved 491520K
  class space    used 10361K, committed 10688K, reserved 425984K
}
Event: 100.363 GC heap before
{Heap before GC invocations=48 (full 0):
 garbage-first heap   total 135168K, used 117460K [0x00000000a0000000, 0x0000000100000000)
  region size 1024K, 34 young (34816K), 1 survivors (1024K)
 Metaspace       used 73186K, committed 73920K, reserved 491520K
  class space    used 10402K, committed 10752K, reserved 425984K
}
Event: 100.369 GC heap after
{Heap after GC invocations=49 (full 0):
 garbage-first heap   total 135168K, used 92022K [0x00000000a0000000, 0x0000000100000000)
  region size 1024K, 5 young (5120K), 5 survivors (5120K)
 Metaspace       used 73186K, committed 73920K, reserved 491520K
  class space    used 10402K, committed 10752K, reserved 425984K
}
Event: 100.897 GC heap before
{Heap before GC invocations=49 (full 0):
 garbage-first heap   total 135168K, used 110454K [0x00000000a0000000, 0x0000000100000000)
  region size 1024K, 23 young (23552K), 5 survivors (5120K)
 Metaspace       used 76515K, committed 77248K, reserved 557056K
  class space    used 11264K, committed 11584K, reserved 425984K
}
Event: 100.902 GC heap after
{Heap after GC invocations=50 (full 0):
 garbage-first heap   total 135168K, used 93121K [0x00000000a0000000, 0x0000000100000000)
  region size 1024K, 1 young (1024K), 1 survivors (1024K)
 Metaspace       used 76515K, committed 77248K, reserved 557056K
  class space    used 11264K, committed 11584K, reserved 425984K
}
Event: 101.421 GC heap before
{Heap before GC invocations=50 (full 0):
 garbage-first heap   total 135168K, used 111553K [0x00000000a0000000, 0x0000000100000000)
  region size 1024K, 19 young (19456K), 1 survivors (1024K)
 Metaspace       used 80343K, committed 81152K, reserved 557056K
  class space    used 11707K, committed 12096K, reserved 425984K
}
Event: 101.425 GC heap after
{Heap after GC invocations=51 (full 0):
 garbage-first heap   total 135168K, used 94548K [0x00000000a0000000, 0x0000000100000000)
  region size 1024K, 3 young (3072K), 3 survivors (3072K)
 Metaspace       used 80343K, committed 81152K, reserved 557056K
  class space    used 11707K, committed 12096K, reserved 425984K
}
Event: 103.064 GC heap before
{Heap before GC invocations=51 (full 0):
 garbage-first heap   total 135168K, used 110932K [0x00000000a0000000, 0x0000000100000000)
  region size 1024K, 20 young (20480K), 3 survivors (3072K)
 Metaspace       used 83841K, committed 84544K, reserved 557056K
  class space    used 12175K, committed 12544K, reserved 425984K
}
Event: 103.071 GC heap after
{Heap after GC invocations=52 (full 0):
 garbage-first heap   total 135168K, used 96459K [0x00000000a0000000, 0x0000000100000000)
  region size 1024K, 3 young (3072K), 3 survivors (3072K)
 Metaspace       used 83841K, committed 84544K, reserved 557056K
  class space    used 12175K, committed 12544K, reserved 425984K
}
Event: 103.935 GC heap before
{Heap before GC invocations=52 (full 0):
 garbage-first heap   total 135168K, used 111819K [0x00000000a0000000, 0x0000000100000000)
  region size 1024K, 19 young (19456K), 3 survivors (3072K)
 Metaspace       used 84190K, committed 84992K, reserved 557056K
  class space    used 12221K, committed 12608K, reserved 425984K
}
Event: 103.941 GC heap after
{Heap after GC invocations=53 (full 0):
 garbage-first heap   total 135168K, used 98363K [0x00000000a0000000, 0x0000000100000000)
  region size 1024K, 2 young (2048K), 2 survivors (2048K)
 Metaspace       used 84190K, committed 84992K, reserved 557056K
  class space    used 12221K, committed 12608K, reserved 425984K
}
Event: 103.981 GC heap before
{Heap before GC invocations=53 (full 0):
 garbage-first heap   total 135168K, used 100411K [0x00000000a0000000, 0x0000000100000000)
  region size 1024K, 5 young (5120K), 2 survivors (2048K)
 Metaspace       used 84294K, committed 85056K, reserved 557056K
  class space    used 12236K, committed 12608K, reserved 425984K
}
Event: 103.985 GC heap after
{Heap after GC invocations=54 (full 0):
 garbage-first heap   total 135168K, used 98584K [0x00000000a0000000, 0x0000000100000000)
  region size 1024K, 1 young (1024K), 1 survivors (1024K)
 Metaspace       used 84294K, committed 85056K, reserved 557056K
  class space    used 12236K, committed 12608K, reserved 425984K
}
Event: 103.992 GC heap before
{Heap before GC invocations=54 (full 0):
 garbage-first heap   total 135168K, used 104728K [0x00000000a0000000, 0x0000000100000000)
  region size 1024K, 2 young (2048K), 1 survivors (1024K)
 Metaspace       used 84294K, committed 85056K, reserved 557056K
  class space    used 12236K, committed 12608K, reserved 425984K
}
Event: 103.994 GC heap after
{Heap after GC invocations=55 (full 0):
 garbage-first heap   total 135168K, used 104520K [0x00000000a0000000, 0x0000000100000000)
  region size 1024K, 1 young (1024K), 1 survivors (1024K)
 Metaspace       used 84294K, committed 85056K, reserved 557056K
  class space    used 12236K, committed 12608K, reserved 425984K
}

